<?xml version="1.0" encoding="UTF-8"?>
<testsuite name="tests.TextBoxTests" tests="1" skipped="0" failures="0" errors="0" timestamp="2023-10-31T13:13:27" hostname="ASUS-PC68" time="6.323">
  <properties/>
  <testcase name="fillFormTest()" classname="tests.TextBoxTests" time="6.323"/>
  <system-out><![CDATA[]]></system-out>
  <system-err><![CDATA[[Test worker] INFO com.codeborne.selenide.impl.WebDriverThreadLocalContainer - No webdriver is bound to current thread: 1 - let's create a new webdriver
[Test worker] INFO com.codeborne.selenide.impl.FileHelper - Creating folder: C:\Users\Asus\IdeaProjects\demoqa_VitaliyD3201\build\downloads\1698758007670_300_1
[Test worker] INFO com.codeborne.selenide.webdriver.SelenideNettyClientFactory - Changed readTimeout from PT3M to PT1M30S
[Test worker] INFO com.codeborne.selenide.webdriver.SelenideNettyClientFactory - Changed readTimeout from PT3M to PT1M30S
окт. 31, 2023 4:13:30 PM org.openqa.selenium.devtools.CdpVersionFinder findNearestMatch
WARNING: Unable to find an exact match for CDP version 118, so returning the closest version found: 117
[Test worker] INFO com.codeborne.selenide.webdriver.WebDriverFactory - BrowserName=chrome Version=118.0.5993.118 Platform=windows
[Test worker] INFO com.codeborne.selenide.webdriver.WebDriverFactory - Selenide v. 6.19.1
[Test worker] INFO com.codeborne.selenide.webdriver.WebDriverFactory - Selenium WebDriver v. 4.13.0 build revision: ba948ece5b*
[Test worker] INFO com.codeborne.selenide.drivercommands.CreateDriverCommand - Created webdriver in thread 1: ChromeDriver -> ChromeDriver: chrome on windows (47953dd4f61043d7d38db8b212a78a64)
[Test worker] INFO com.codeborne.selenide.drivercommands.DisposablesRegistry - Register WebDriverInstance[config=StaticConfig,webDriver=ChromeDriver: chrome on windows (47953dd4f61043d7d38db8b212a78a64),proxy=null,downloadsFolder=C:\Users\Asus\IdeaProjects\demoqa_VitaliyD3201\build\downloads\1698758007670_300_1] in 1 [size=1]
[Test worker] INFO com.codeborne.selenide.drivercommands.DisposablesRegistry - Add shutdown hook in 1 [size=1]
[Test worker] INFO com.codeborne.selenide.impl.WebDriverThreadLocalContainer - Browser will stay open due to holdBrowserOpen=true: 1 -> ChromeDriver: chrome on windows (47953dd4f61043d7d38db8b212a78a64)
]]></system-err>
</testsuite>
